<?xml version="1.0" encoding="UTF-8"?>
<!-- Generated by org.testng.reporters.JUnitReportReporter -->
<testsuite skipped="0" hostname="DESKTOP-987SG1D" name="MyRunner.TestRunner" tests="2" failures="0" timestamp="2020-01-19T15:33:23 IST" time="173.445" errors="0">
  <testcase name="feature" time="100.216" classname="MyRunner.TestRunner"/>
  <testcase name="feature" time="73.229" classname="MyRunner.TestRunner"/>
</testsuite> <!-- MyRunner.TestRunner -->
